<?xml version="1.0" encoding="UTF-8"?>
<!-- Generated by org.testng.reporters.JUnitReportReporter -->
<testsuite hostname="DESKTOP-LQB6UNO" failures="0" tests="1" name="a.b" time="12.096" errors="0" timestamp="2020-02-17T09:41:31 CET" skipped="0">
  <testcase classname="a.b" name="testMethod" time="12.096"/>
</testsuite> <!-- a.b -->
